<?xml version="1.0" encoding="UTF-8"?>
<!-- Generated by org.testng.reporters.JUnitXMLReporter -->
<testsuite ignored="1" hostname="LAPTOP-I33T45KV" failures="0" tests="3" name="Test" time="17.552" errors="0" timestamp="2023-01-19T20:56:31 IST">
  <testcase classname="SeleniumTopics.Alerts" name="handlingAlertpopups" time="6.038"/>
  <testcase classname="SeleniumTopics.Alerts" name="handlingConfirmationbox" time="5.238"/>
  <testcase classname="SeleniumTopics.HandlingPops" name="handlingPopups" time="6.225"/>
  <testcase classname="SeleniumTopics.Alerts" name="handlingpromptBox" time="0.0">
    <ignored/>
  </testcase> <!-- handlingpromptBox -->
</testsuite> <!-- Test -->
